# JRE version: Java(TM) SE Runtime Environment (7.0_75-b13) (build 1.7.0_75-b13)
# Java VM: Java HotSpot(TM) 64-Bit Server VM (24.75-b04 mixed mode bsd-amd64 compressed oops)
Heap
 PSYoungGen      total 62976K, used 61248K [0x0000000140100000, 0x0000000144280000, 0x0000000150100000)
  eden space 60928K, 100% used [0x0000000140100000,0x0000000143c80000,0x0000000143c80000)
  from space 2048K, 15% used [0x0000000144080000,0x00000001440d0000,0x0000000144280000)
  to   space 3072K, 0% used [0x0000000143c80000,0x0000000143c80000,0x0000000143f80000)
 ParOldGen       total 452608K, used 346359K [0x0000000120100000, 0x000000013bb00000, 0x0000000140100000)
  object space 452608K, 76% used [0x0000000120100000,0x000000013533dc50,0x000000013bb00000)
 PSPermGen       total 174080K, used 116870K [0x0000000110100000, 0x000000011ab00000, 0x0000000120100000)
  object space 174080K, 67% used [0x0000000110100000,0x00000001173218e0,0x000000011ab00000)
GC Heap History (10 events):
Event: 170068.078 GC heap after
Heap after GC invocations=167 (full 5):
 PSYoungGen      total 67584K, used 256K [0x0000000140100000, 0x0000000144780000, 0x0000000150100000)
  eden space 65024K, 0% used [0x0000000140100000,0x0000000140100000,0x0000000144080000)
  from space 2560K, 10% used [0x0000000144500000,0x0000000144540000,0x0000000144780000)
  to   space 3584K, 0% used [0x0000000144080000,0x0000000144080000,0x0000000144400000)
 ParOldGen       total 452608K, used 346335K [0x0000000120100000, 0x000000013bb00000, 0x0000000140100000)
  object space 452608K, 76% used [0x0000000120100000,0x0000000135337c50,0x000000013bb00000)
 PSPermGen       total 174080K, used 116861K [0x0000000110100000, 0x000000011ab00000, 0x0000000120100000)
  object space 174080K, 67% used [0x0000000110100000,0x000000011731f780,0x000000011ab00000)
}
Event: 170362.702 GC heap before
{Heap before GC invocations=168 (full 5):
 PSYoungGen      total 67584K, used 65280K [0x0000000140100000, 0x0000000144780000, 0x0000000150100000)
  eden space 65024K, 100% used [0x0000000140100000,0x0000000144080000,0x0000000144080000)
  from space 2560K, 10% used [0x0000000144500000,0x0000000144540000,0x0000000144780000)
  to   space 3584K, 0% used [0x0000000144080000,0x0000000144080000,0x0000000144400000)
 ParOldGen       total 452608K, used 346335K [0x0000000120100000, 0x000000013bb00000, 0x0000000140100000)
  object space 452608K, 76% used [0x0000000120100000,0x0000000135337c50,0x000000013bb00000)
 PSPermGen       total 174080K, used 116868K [0x0000000110100000, 0x000000011ab00000, 0x0000000120100000)
  object space 174080K, 67% used [0x0000000110100000,0x00000001173211e8,0x000000011ab00000)
Event: 170362.723 GC heap after
Heap after GC invocations=168 (full 5):
 PSYoungGen      total 64512K, used 352K [0x0000000140100000, 0x0000000144680000, 0x0000000150100000)
  eden space 64000K, 0% used [0x0000000140100000,0x0000000140100000,0x0000000143f80000)
  from space 512K, 68% used [0x0000000144080000,0x00000001440d8000,0x0000000144100000)
  to   space 3584K, 0% used [0x0000000144300000,0x0000000144300000,0x0000000144680000)
 ParOldGen       total 452608K, used 346335K [0x0000000120100000, 0x000000013bb00000, 0x0000000140100000)
  object space 452608K, 76% used [0x0000000120100000,0x0000000135337c50,0x000000013bb00000)
 PSPermGen       total 174080K, used 116868K [0x0000000110100000, 0x000000011ab00000, 0x0000000120100000)
  object space 174080K, 67% used [0x0000000110100000,0x00000001173211e8,0x000000011ab00000)
}
Event: 170388.002 GC heap before
{Heap before GC invocations=169 (full 5):
 PSYoungGen      total 64512K, used 64352K [0x0000000140100000, 0x0000000144680000, 0x0000000150100000)
  eden space 64000K, 100% used [0x0000000140100000,0x0000000143f80000,0x0000000143f80000)
  from space 512K, 68% used [0x0000000144080000,0x00000001440d8000,0x0000000144100000)
  to   space 3584K, 0% used [0x0000000144300000,0x0000000144300000,0x0000000144680000)
 ParOldGen       total 452608K, used 346335K [0x0000000120100000, 0x000000013bb00000, 0x0000000140100000)
  object space 452608K, 76% used [0x0000000120100000,0x0000000135337c50,0x000000013bb00000)
 PSPermGen       total 174080K, used 116869K [0x0000000110100000, 0x000000011ab00000, 0x0000000120100000)
  object space 174080K, 67% used [0x0000000110100000,0x0000000117321630,0x000000011ab00000)
Event: 170388.009 GC heap after
Heap after GC invocations=169 (full 5):
 PSYoungGen      total 65536K, used 352K [0x0000000140100000, 0x0000000144580000, 0x0000000150100000)
  eden space 62976K, 0% used [0x0000000140100000,0x0000000140100000,0x0000000143e80000)
  from space 2560K, 13% used [0x0000000144300000,0x0000000144358000,0x0000000144580000)
  to   space 3584K, 0% used [0x0000000143e80000,0x0000000143e80000,0x0000000144200000)
 ParOldGen       total 452608K, used 346359K [0x0000000120100000, 0x000000013bb00000, 0x0000000140100000)
  object space 452608K, 76% used [0x0000000120100000,0x000000013533dc50,0x000000013bb00000)
 PSPermGen       total 174080K, used 116869K [0x0000000110100000, 0x000000011ab00000, 0x0000000120100000)
  object space 174080K, 67% used [0x0000000110100000,0x0000000117321630,0x000000011ab00000)
}
Event: 170438.695 GC heap before
{Heap before GC invocations=170 (full 5):
 PSYoungGen      total 65536K, used 63328K [0x0000000140100000, 0x0000000144580000, 0x0000000150100000)
  eden space 62976K, 100% used [0x0000000140100000,0x0000000143e80000,0x0000000143e80000)
  from space 2560K, 13% used [0x0000000144300000,0x0000000144358000,0x0000000144580000)
  to   space 3584K, 0% used [0x0000000143e80000,0x0000000143e80000,0x0000000144200000)
 ParOldGen       total 452608K, used 346359K [0x0000000120100000, 0x000000013bb00000, 0x0000000140100000)
  object space 452608K, 76% used [0x0000000120100000,0x000000013533dc50,0x000000013bb00000)
 PSPermGen       total 174080K, used 116869K [0x0000000110100000, 0x000000011ab00000, 0x0000000120100000)
  object space 174080K, 67% used [0x0000000110100000,0x0000000117321630,0x000000011ab00000)
Event: 170438.704 GC heap after
Heap after GC invocations=170 (full 5):
 PSYoungGen      total 62464K, used 384K [0x0000000140100000, 0x0000000144380000, 0x0000000150100000)
  eden space 61952K, 0% used [0x0000000140100000,0x0000000140100000,0x0000000143d80000)
  from space 512K, 75% used [0x0000000143e80000,0x0000000143ee0000,0x0000000143f00000)
  to   space 3072K, 0% used [0x0000000144080000,0x0000000144080000,0x0000000144380000)
 ParOldGen       total 452608K, used 346359K [0x0000000120100000, 0x000000013bb00000, 0x0000000140100000)
  object space 452608K, 76% used [0x0000000120100000,0x000000013533dc50,0x000000013bb00000)
 PSPermGen       total 174080K, used 116869K [0x0000000110100000, 0x000000011ab00000, 0x0000000120100000)
  object space 174080K, 67% used [0x0000000110100000,0x0000000117321630,0x000000011ab00000)
}
Event: 170439.115 GC heap before
{Heap before GC invocations=171 (full 5):
 PSYoungGen      total 62464K, used 62336K [0x0000000140100000, 0x0000000144380000, 0x0000000150100000)
  eden space 61952K, 100% used [0x0000000140100000,0x0000000143d80000,0x0000000143d80000)
  from space 512K, 75% used [0x0000000143e80000,0x0000000143ee0000,0x0000000143f00000)
  to   space 3072K, 0% used [0x0000000144080000,0x0000000144080000,0x0000000144380000)
 ParOldGen       total 452608K, used 346359K [0x0000000120100000, 0x000000013bb00000, 0x0000000140100000)
  object space 452608K, 76% used [0x0000000120100000,0x000000013533dc50,0x000000013bb00000)
 PSPermGen       total 174080K, used 116870K [0x0000000110100000, 0x000000011ab00000, 0x0000000120100000)
  object space 174080K, 67% used [0x0000000110100000,0x00000001173218e0,0x000000011ab00000)
Event: 170439.124 GC heap after
Heap after GC invocations=171 (full 5):
 PSYoungGen      total 62976K, used 320K [0x0000000140100000, 0x0000000144280000, 0x0000000150100000)
  eden space 60928K, 0% used [0x0000000140100000,0x0000000140100000,0x0000000143c80000)
  from space 2048K, 15% used [0x0000000144080000,0x00000001440d0000,0x0000000144280000)
  to   space 3072K, 0% used [0x0000000143c80000,0x0000000143c80000,0x0000000143f80000)
 ParOldGen       total 452608K, used 346359K [0x0000000120100000, 0x000000013bb00000, 0x0000000140100000)
  object space 452608K, 76% used [0x0000000120100000,0x000000013533dc50,0x000000013bb00000)
 PSPermGen       total 174080K, used 116870K [0x0000000110100000, 0x000000011ab00000, 0x0000000120100000)
  object space 174080K, 67% used [0x0000000110100000,0x00000001173218e0,0x000000011ab00000)
}
Event: 171354.509 GC heap before
{Heap before GC invocations=172 (full 5):
 PSYoungGen      total 62976K, used 61248K [0x0000000140100000, 0x0000000144280000, 0x0000000150100000)
  eden space 60928K, 100% used [0x0000000140100000,0x0000000143c80000,0x0000000143c80000)
  from space 2048K, 15% used [0x0000000144080000,0x00000001440d0000,0x0000000144280000)
  to   space 3072K, 0% used [0x0000000143c80000,0x0000000143c80000,0x0000000143f80000)
 ParOldGen       total 452608K, used 346359K [0x0000000120100000, 0x000000013bb00000, 0x0000000140100000)
  object space 452608K, 76% used [0x0000000120100000,0x000000013533dc50,0x000000013bb00000)
 PSPermGen       total 174080K, used 116870K [0x0000000110100000, 0x000000011ab00000, 0x0000000120100000)
  object space 174080K, 67% used [0x0000000110100000,0x00000001173218e0,0x000000011ab00000)

